{
  "stats": {
    "suites": 1,
    "tests": 1,
    "passes": 1,
    "pending": 0,
    "failures": 0,
    "start": "2018-04-11T03:06:57.935Z",
    "end": "2018-04-11T03:06:58.029Z",
    "duration": 94,
    "testsRegistered": 1,
    "passPercent": 100,
    "pendingPercent": 0,
    "other": 0,
    "hasOther": false,
    "skipped": 0,
    "hasSkipped": false,
    "passPercentClass": "success",
    "pendingPercentClass": "danger"
  },
  "suites": {
    "uuid": "900ef349-d238-46b5-9977-902a9d80d881",
    "title": "",
    "fullFile": "",
    "file": "",
    "beforeHooks": [],
    "afterHooks": [],
    "tests": [],
    "suites": [
      {
        "uuid": "a9a96ef0-d868-450b-9744-915fffffb8e7",
        "title": "Test if map divs are contained in markdown file",
        "fullFile": "C:\\Users\\bodzio1950\\advanced-topics-nataliakow\\test\\test-maps.js",
        "file": "\\test\\test-maps.js",
        "beforeHooks": [
          {
            "title": "\"before all\" hook",
            "fullTitle": "Test if map divs are contained in markdown file \"before all\" hook",
            "timedOut": false,
            "duration": 47,
            "pass": false,
            "fail": false,
            "pending": false,
            "code": "// set up dom with google maps and jquery\n// parse index.md\nmdFile=fs.readFileSync(\"spatial-history/index.md\", \"utf-8\");\nparsedMD = md.render(mdFile);\n//console.log(parsedMD);\ndom = new JSDOM(parsedMD);\nwindow=dom.window;\ndocument=window.document;\nconsole.log(dom.window.document.querySelector('div#mapcontainer'))",
            "err": {},
            "isRoot": false,
            "uuid": "04e5144c-ebe1-41a5-97e5-4ff5d049d1dc",
            "isHook": true,
            "skipped": false
          }
        ],
        "afterHooks": [],
        "tests": [
          {
            "title": "should contain mapcontainer element with map_canvas and map_legend",
            "fullTitle": "Test if map divs are contained in markdown file should contain mapcontainer element with map_canvas and map_legend",
            "timedOut": false,
            "duration": 0,
            "state": "passed",
            "speed": "fast",
            "pass": true,
            "fail": false,
            "pending": false,
            "code": "expect(document.querySelector('div#mapcontainer'), \"no div with id mapcontainer\").to.exist;\nexpect(document.querySelector('div#mapcontainer div#map_canvas'), \"no div with id map_canvas inside mapcontainer\").to.exist;\n//expect(document.querySelector('div#mapcontainer div#map_legend'), \"no div with id map_legend inside mapcontainer\").to.exist;",
            "err": {},
            "isRoot": false,
            "uuid": "18ec1c86-7162-4e39-88e9-8a37b98eab37",
            "isHook": false,
            "skipped": false
          }
        ],
        "suites": [],
        "passes": [
          "18ec1c86-7162-4e39-88e9-8a37b98eab37"
        ],
        "failures": [],
        "pending": [],
        "skipped": [],
        "duration": 0,
        "root": false,
        "rootEmpty": false,
        "_timeout": 2000
      }
    ],
    "passes": [],
    "failures": [],
    "pending": [],
    "skipped": [],
    "duration": 0,
    "root": true,
    "rootEmpty": true,
    "_timeout": 2000
  },
  "copyrightYear": 2018
}