{
  "stats": {
    "suites": 1,
    "tests": 1,
    "passes": 1,
    "pending": 0,
    "failures": 0,
    "start": "2018-04-12T03:32:12.999Z",
    "end": "2018-04-12T03:32:13.093Z",
    "duration": 94,
    "testsRegistered": 1,
    "passPercent": 100,
    "pendingPercent": 0,
    "other": 0,
    "hasOther": false,
    "skipped": 0,
    "hasSkipped": false,
    "passPercentClass": "success",
    "pendingPercentClass": "danger"
  },
  "suites": {
    "uuid": "5f1f8979-c361-4a73-b3d5-e73552d84fe1",
    "title": "",
    "fullFile": "",
    "file": "",
    "beforeHooks": [],
    "afterHooks": [],
    "tests": [],
    "suites": [
      {
        "uuid": "e010b47c-679d-4360-abac-fc2bfd508cd2",
        "title": "Test if map divs are contained in markdown file",
        "fullFile": "C:\\Users\\bodzio1950\\Desktop\\advanced-topics-nataliakow\\test\\test-maps.js",
        "file": "\\test\\test-maps.js",
        "beforeHooks": [
          {
            "title": "\"before all\" hook",
            "fullTitle": "Test if map divs are contained in markdown file \"before all\" hook",
            "timedOut": false,
            "duration": 63,
            "pass": false,
            "fail": false,
            "pending": false,
            "code": "// set up dom with google maps and jquery\n// parse index.md\nmdFile=fs.readFileSync(\"spatial-history/index.md\", \"utf-8\");\nparsedMD = md.render(mdFile);\n//console.log(parsedMD);\ndom = new JSDOM(parsedMD);\nwindow=dom.window;\ndocument=window.document;\nconsole.log(dom.window.document.querySelector('div#mapcontainer'))",
            "err": {},
            "isRoot": false,
            "uuid": "c0fc2d6a-2a55-4c46-9044-f7630b3baeae",
            "isHook": true,
            "skipped": false
          }
        ],
        "afterHooks": [],
        "tests": [
          {
            "title": "should contain mapcontainer element with map_canvas and map_legend",
            "fullTitle": "Test if map divs are contained in markdown file should contain mapcontainer element with map_canvas and map_legend",
            "timedOut": false,
            "duration": 0,
            "state": "passed",
            "speed": "fast",
            "pass": true,
            "fail": false,
            "pending": false,
            "code": "expect(document.querySelector('div#mapcontainer'), \"no div with id mapcontainer\").to.exist;\nexpect(document.querySelector('div#mapcontainer div#map_canvas'), \"no div with id map_canvas inside mapcontainer\").to.exist;\n//expect(document.querySelector('div#mapcontainer div#map_legend'), \"no div with id map_legend inside mapcontainer\").to.exist;",
            "err": {},
            "isRoot": false,
            "uuid": "d827825a-459c-4aa0-aa79-4f2fc1082dde",
            "isHook": false,
            "skipped": false
          }
        ],
        "suites": [],
        "passes": [
          "d827825a-459c-4aa0-aa79-4f2fc1082dde"
        ],
        "failures": [],
        "pending": [],
        "skipped": [],
        "duration": 0,
        "root": false,
        "rootEmpty": false,
        "_timeout": 2000
      }
    ],
    "passes": [],
    "failures": [],
    "pending": [],
    "skipped": [],
    "duration": 0,
    "root": true,
    "rootEmpty": true,
    "_timeout": 2000
  },
  "copyrightYear": 2018
}